============================= test session starts =============================
platform win32 -- Python 3.10.11, pytest-9.0.2, pluggy-1.6.0
rootdir: C:\Users\utente\Desktop\Unibs\Unibs\Progetti\MujocoLLM
configfile: pyproject.toml
plugins: anyio-3.7.1, flaky-3.8.1, hydra-core-1.3.2, langsmith-0.3.33, mock-3.15.1
collected 4 items / 1 skipped

tests\test_segmentation_rules.py .                                       [ 25%]
tests\test_task_graph_json.py ...                                        [100%]

======================== 4 passed, 1 skipped in 0.24s =========================
